2025-06-09 12:13:24,998 - INFO - Application started (F12 clipboard mode with GUI)
2025-06-09 12:13:25,085 - INFO - F12 keyboard hook initialized
2025-06-09 12:13:25,162 - DEBUG - Always on top checkbox created
2025-06-09 12:13:25,163 - DEBUG - Instruction label created
2025-06-09 12:13:25,163 - INFO - GUI initialized with always on top set to False
2025-06-09 12:13:25,178 - DEBUG - Importing AvifImagePlugin
2025-06-09 12:13:25,179 - DEBUG - Importing BlpImagePlugin
2025-06-09 12:13:25,180 - DEBUG - Importing BmpImagePlugin
2025-06-09 12:13:25,180 - DEBUG - Importing BufrStubImagePlugin
2025-06-09 12:13:25,181 - DEBUG - Importing CurImagePlugin
2025-06-09 12:13:25,182 - DEBUG - Importing DcxImagePlugin
2025-06-09 12:13:25,184 - DEBUG - Importing DdsImagePlugin
2025-06-09 12:13:25,187 - DEBUG - Importing EpsImagePlugin
2025-06-09 12:13:25,189 - DEBUG - Importing FitsImagePlugin
2025-06-09 12:13:25,191 - DEBUG - Importing FliImagePlugin
2025-06-09 12:13:25,192 - DEBUG - Importing FpxImagePlugin
2025-06-09 12:13:25,196 - DEBUG - Importing FtexImagePlugin
2025-06-09 12:13:25,197 - DEBUG - Importing GbrImagePlugin
2025-06-09 12:13:25,198 - DEBUG - Importing GifImagePlugin
2025-06-09 12:13:25,198 - DEBUG - Importing GribStubImagePlugin
2025-06-09 12:13:25,199 - DEBUG - Importing Hdf5StubImagePlugin
2025-06-09 12:13:25,200 - DEBUG - Importing IcnsImagePlugin
2025-06-09 12:13:25,203 - DEBUG - Importing IcoImagePlugin
2025-06-09 12:13:25,205 - DEBUG - Importing ImImagePlugin
2025-06-09 12:13:25,206 - DEBUG - Importing ImtImagePlugin
2025-06-09 12:13:25,207 - DEBUG - Importing IptcImagePlugin
2025-06-09 12:13:25,208 - DEBUG - Importing JpegImagePlugin
2025-06-09 12:13:25,209 - DEBUG - Importing Jpeg2KImagePlugin
2025-06-09 12:13:25,209 - DEBUG - Importing McIdasImagePlugin
2025-06-09 12:13:25,210 - DEBUG - Importing MicImagePlugin
2025-06-09 12:13:25,216 - DEBUG - Importing MpegImagePlugin
2025-06-09 12:13:25,218 - DEBUG - Importing MpoImagePlugin
2025-06-09 12:13:25,218 - DEBUG - Importing MspImagePlugin
2025-06-09 12:13:25,219 - DEBUG - Importing PalmImagePlugin
2025-06-09 12:13:25,221 - DEBUG - Importing PcdImagePlugin
2025-06-09 12:13:25,222 - DEBUG - Importing PcxImagePlugin
2025-06-09 12:13:25,222 - DEBUG - Importing PdfImagePlugin
2025-06-09 12:13:25,234 - DEBUG - Importing PixarImagePlugin
2025-06-09 12:13:25,235 - DEBUG - Importing PngImagePlugin
2025-06-09 12:13:25,235 - DEBUG - Importing PpmImagePlugin
2025-06-09 12:13:25,236 - DEBUG - Importing PsdImagePlugin
2025-06-09 12:13:25,237 - DEBUG - Importing QoiImagePlugin
2025-06-09 12:13:25,238 - DEBUG - Importing SgiImagePlugin
2025-06-09 12:13:25,239 - DEBUG - Importing SpiderImagePlugin
2025-06-09 12:13:25,240 - DEBUG - Importing SunImagePlugin
2025-06-09 12:13:25,241 - DEBUG - Importing TgaImagePlugin
2025-06-09 12:13:25,243 - DEBUG - Importing TiffImagePlugin
2025-06-09 12:13:25,243 - DEBUG - Importing WebPImagePlugin
2025-06-09 12:13:25,245 - DEBUG - Importing WmfImagePlugin
2025-06-09 12:13:25,246 - DEBUG - Importing XbmImagePlugin
2025-06-09 12:13:25,248 - DEBUG - Importing XpmImagePlugin
2025-06-09 12:13:25,249 - DEBUG - Importing XVThumbImagePlugin
2025-06-09 12:13:25,251 - INFO - Tray icon initialized successfully
2025-06-09 12:13:27,564 - INFO - Cleaning up logging handlers
2025-06-09 12:16:45,980 - INFO - Application started (F12 clipboard mode with GUI)
2025-06-09 12:16:46,128 - INFO - F12 keyboard hook initialized
2025-06-09 12:16:46,244 - DEBUG - Always on top checkbox created
2025-06-09 12:16:46,244 - DEBUG - Instruction label created
2025-06-09 12:16:46,245 - INFO - GUI initialized with always on top set to False
2025-06-09 12:16:46,283 - DEBUG - Importing BlpImagePlugin
2025-06-09 12:16:46,286 - DEBUG - Importing BmpImagePlugin
2025-06-09 12:16:46,287 - DEBUG - Importing BufrStubImagePlugin
2025-06-09 12:16:46,289 - DEBUG - Importing CurImagePlugin
2025-06-09 12:16:46,290 - DEBUG - Importing DcxImagePlugin
2025-06-09 12:16:46,293 - DEBUG - Importing DdsImagePlugin
2025-06-09 12:16:46,294 - DEBUG - Importing EpsImagePlugin
2025-06-09 12:16:46,321 - DEBUG - Importing FitsImagePlugin
2025-06-09 12:16:46,323 - DEBUG - Importing FitsStubImagePlugin
2025-06-09 12:16:46,324 - DEBUG - Importing FliImagePlugin
2025-06-09 12:16:46,326 - DEBUG - Importing FpxImagePlugin
2025-06-09 12:16:46,332 - DEBUG - Importing FtexImagePlugin
2025-06-09 12:16:46,334 - DEBUG - Importing GbrImagePlugin
2025-06-09 12:16:46,336 - DEBUG - Importing GifImagePlugin
2025-06-09 12:16:46,336 - DEBUG - Importing GribStubImagePlugin
2025-06-09 12:16:46,338 - DEBUG - Importing Hdf5StubImagePlugin
2025-06-09 12:16:46,340 - DEBUG - Importing IcnsImagePlugin
2025-06-09 12:16:46,344 - DEBUG - Importing IcoImagePlugin
2025-06-09 12:16:46,346 - DEBUG - Importing ImImagePlugin
2025-06-09 12:16:46,348 - DEBUG - Importing ImtImagePlugin
2025-06-09 12:16:46,349 - DEBUG - Importing IptcImagePlugin
2025-06-09 12:16:46,350 - DEBUG - Importing JpegImagePlugin
2025-06-09 12:16:46,350 - DEBUG - Importing Jpeg2KImagePlugin
2025-06-09 12:16:46,351 - DEBUG - Importing McIdasImagePlugin
2025-06-09 12:16:46,352 - DEBUG - Importing MicImagePlugin
2025-06-09 12:16:46,353 - DEBUG - Importing MpegImagePlugin
2025-06-09 12:16:46,354 - DEBUG - Importing MpoImagePlugin
2025-06-09 12:16:46,356 - DEBUG - Importing MspImagePlugin
2025-06-09 12:16:46,357 - DEBUG - Importing PalmImagePlugin
2025-06-09 12:16:46,360 - DEBUG - Importing PcdImagePlugin
2025-06-09 12:16:46,362 - DEBUG - Importing PcxImagePlugin
2025-06-09 12:16:46,362 - DEBUG - Importing PdfImagePlugin
2025-06-09 12:16:46,375 - DEBUG - Importing PixarImagePlugin
2025-06-09 12:16:46,377 - DEBUG - Importing PngImagePlugin
2025-06-09 12:16:46,378 - DEBUG - Importing PpmImagePlugin
2025-06-09 12:16:46,378 - DEBUG - Importing PsdImagePlugin
2025-06-09 12:16:46,380 - DEBUG - Importing SgiImagePlugin
2025-06-09 12:16:46,381 - DEBUG - Importing SpiderImagePlugin
2025-06-09 12:16:46,383 - DEBUG - Importing SunImagePlugin
2025-06-09 12:16:46,385 - DEBUG - Importing TgaImagePlugin
2025-06-09 12:16:46,386 - DEBUG - Importing TiffImagePlugin
2025-06-09 12:16:46,387 - DEBUG - Importing WebPImagePlugin
2025-06-09 12:16:46,429 - DEBUG - Importing WmfImagePlugin
2025-06-09 12:16:46,430 - DEBUG - Importing XbmImagePlugin
2025-06-09 12:16:46,432 - DEBUG - Importing XpmImagePlugin
2025-06-09 12:16:46,433 - DEBUG - Importing XVThumbImagePlugin
2025-06-09 12:16:46,435 - INFO - Tray icon initialized successfully
2025-06-09 12:16:48,477 - INFO - Cleaning up logging handlers
2025-06-09 12:16:59,688 - INFO - Application started (F12 clipboard mode with GUI)
2025-06-09 12:16:59,799 - INFO - F12 keyboard hook initialized
2025-06-09 12:16:59,923 - DEBUG - Always on top checkbox created
2025-06-09 12:16:59,925 - DEBUG - Instruction label created
2025-06-09 12:16:59,925 - INFO - GUI initialized with always on top set to False
2025-06-09 12:16:59,962 - DEBUG - Importing BlpImagePlugin
2025-06-09 12:16:59,964 - DEBUG - Importing BmpImagePlugin
2025-06-09 12:16:59,966 - DEBUG - Importing BufrStubImagePlugin
2025-06-09 12:16:59,967 - DEBUG - Importing CurImagePlugin
2025-06-09 12:16:59,968 - DEBUG - Importing DcxImagePlugin
2025-06-09 12:16:59,971 - DEBUG - Importing DdsImagePlugin
2025-06-09 12:16:59,973 - DEBUG - Importing EpsImagePlugin
2025-06-09 12:17:00,001 - DEBUG - Importing FitsImagePlugin
2025-06-09 12:17:00,003 - DEBUG - Importing FitsStubImagePlugin
2025-06-09 12:17:00,005 - DEBUG - Importing FliImagePlugin
2025-06-09 12:17:00,007 - DEBUG - Importing FpxImagePlugin
2025-06-09 12:17:00,016 - DEBUG - Importing FtexImagePlugin
2025-06-09 12:17:00,018 - DEBUG - Importing GbrImagePlugin
2025-06-09 12:17:00,021 - DEBUG - Importing GifImagePlugin
2025-06-09 12:17:00,022 - DEBUG - Importing GribStubImagePlugin
2025-06-09 12:17:00,023 - DEBUG - Importing Hdf5StubImagePlugin
2025-06-09 12:17:00,025 - DEBUG - Importing IcnsImagePlugin
2025-06-09 12:17:00,029 - DEBUG - Importing IcoImagePlugin
2025-06-09 12:17:00,030 - DEBUG - Importing ImImagePlugin
2025-06-09 12:17:00,031 - DEBUG - Importing ImtImagePlugin
2025-06-09 12:17:00,033 - DEBUG - Importing IptcImagePlugin
2025-06-09 12:17:00,034 - DEBUG - Importing JpegImagePlugin
2025-06-09 12:17:00,035 - DEBUG - Importing Jpeg2KImagePlugin
2025-06-09 12:17:00,035 - DEBUG - Importing McIdasImagePlugin
2025-06-09 12:17:00,037 - DEBUG - Importing MicImagePlugin
2025-06-09 12:17:00,038 - DEBUG - Importing MpegImagePlugin
2025-06-09 12:17:00,039 - DEBUG - Importing MpoImagePlugin
2025-06-09 12:17:00,040 - DEBUG - Importing MspImagePlugin
2025-06-09 12:17:00,042 - DEBUG - Importing PalmImagePlugin
2025-06-09 12:17:00,043 - DEBUG - Importing PcdImagePlugin
2025-06-09 12:17:00,045 - DEBUG - Importing PcxImagePlugin
2025-06-09 12:17:00,045 - DEBUG - Importing PdfImagePlugin
2025-06-09 12:17:00,057 - DEBUG - Importing PixarImagePlugin
2025-06-09 12:17:00,058 - DEBUG - Importing PngImagePlugin
2025-06-09 12:17:00,060 - DEBUG - Importing PpmImagePlugin
2025-06-09 12:17:00,060 - DEBUG - Importing PsdImagePlugin
2025-06-09 12:17:00,062 - DEBUG - Importing SgiImagePlugin
2025-06-09 12:17:00,064 - DEBUG - Importing SpiderImagePlugin
2025-06-09 12:17:00,067 - DEBUG - Importing SunImagePlugin
2025-06-09 12:17:00,070 - DEBUG - Importing TgaImagePlugin
2025-06-09 12:17:00,071 - DEBUG - Importing TiffImagePlugin
2025-06-09 12:17:00,072 - DEBUG - Importing WebPImagePlugin
2025-06-09 12:17:00,074 - DEBUG - Importing WmfImagePlugin
2025-06-09 12:17:00,076 - DEBUG - Importing XbmImagePlugin
2025-06-09 12:17:00,078 - DEBUG - Importing XpmImagePlugin
2025-06-09 12:17:00,081 - DEBUG - Importing XVThumbImagePlugin
2025-06-09 12:17:00,086 - INFO - Tray icon initialized successfully
2025-06-09 12:19:03,012 - INFO - Application started (F12 clipboard mode with GUI)
2025-06-09 12:19:03,249 - INFO - F12 keyboard hook initialized
2025-06-09 12:19:03,350 - DEBUG - Always on top checkbox created
2025-06-09 12:19:03,351 - DEBUG - Instruction label created
2025-06-09 12:19:03,352 - INFO - GUI initialized with always on top set to False
2025-06-09 12:19:03,353 - WARNING - Icon file 'icon.ico' not found at /icon.ico. Using fallback image.
2025-06-09 12:19:03,361 - INFO - Tray icon initialized successfully
2025-06-09 12:19:03,601 - DEBUG - Importing BlpImagePlugin
2025-06-09 12:19:03,608 - DEBUG - Importing BmpImagePlugin
2025-06-09 12:19:03,609 - DEBUG - Importing BufrStubImagePlugin
2025-06-09 12:19:03,612 - DEBUG - Importing CurImagePlugin
2025-06-09 12:19:03,614 - DEBUG - Importing DcxImagePlugin
2025-06-09 12:19:03,620 - DEBUG - Importing DdsImagePlugin
2025-06-09 12:19:03,625 - DEBUG - Importing EpsImagePlugin
2025-06-09 12:19:03,660 - DEBUG - Importing FitsImagePlugin
2025-06-09 12:19:03,664 - DEBUG - Importing FitsStubImagePlugin
2025-06-09 12:19:03,668 - DEBUG - Importing FliImagePlugin
2025-06-09 12:19:03,671 - DEBUG - Importing FpxImagePlugin
2025-06-09 12:19:03,691 - DEBUG - Importing FtexImagePlugin
2025-06-09 12:19:03,694 - DEBUG - Importing GbrImagePlugin
2025-06-09 12:19:03,698 - DEBUG - Importing GifImagePlugin
2025-06-09 12:19:03,698 - DEBUG - Importing GribStubImagePlugin
2025-06-09 12:19:03,701 - DEBUG - Importing Hdf5StubImagePlugin
2025-06-09 12:19:03,705 - DEBUG - Importing IcnsImagePlugin
2025-06-09 12:19:03,717 - DEBUG - Importing IcoImagePlugin
2025-06-09 12:19:03,723 - DEBUG - Importing ImImagePlugin
2025-06-09 12:19:03,730 - DEBUG - Importing ImtImagePlugin
2025-06-09 12:19:03,733 - DEBUG - Importing IptcImagePlugin
2025-06-09 12:19:03,736 - DEBUG - Importing JpegImagePlugin
2025-06-09 12:19:03,737 - DEBUG - Importing Jpeg2KImagePlugin
2025-06-09 12:19:03,737 - DEBUG - Importing McIdasImagePlugin
2025-06-09 12:19:03,740 - DEBUG - Importing MicImagePlugin
2025-06-09 12:19:03,744 - DEBUG - Importing MpegImagePlugin
2025-06-09 12:19:03,747 - DEBUG - Importing MpoImagePlugin
2025-06-09 12:19:03,751 - DEBUG - Importing MspImagePlugin
2025-06-09 12:19:03,755 - DEBUG - Importing PalmImagePlugin
2025-06-09 12:19:03,762 - DEBUG - Importing PcdImagePlugin
2025-06-09 12:19:03,764 - DEBUG - Importing PcxImagePlugin
2025-06-09 12:19:03,765 - DEBUG - Importing PdfImagePlugin
2025-06-09 12:19:03,790 - DEBUG - Importing PixarImagePlugin
2025-06-09 12:19:03,794 - DEBUG - Importing PngImagePlugin
2025-06-09 12:19:03,794 - DEBUG - Importing PpmImagePlugin
2025-06-09 12:19:03,795 - DEBUG - Importing PsdImagePlugin
2025-06-09 12:19:03,799 - DEBUG - Importing SgiImagePlugin
2025-06-09 12:19:03,802 - DEBUG - Importing SpiderImagePlugin
2025-06-09 12:19:03,807 - DEBUG - Importing SunImagePlugin
2025-06-09 12:19:03,810 - DEBUG - Importing TgaImagePlugin
2025-06-09 12:19:03,815 - DEBUG - Importing TiffImagePlugin
2025-06-09 12:19:03,815 - DEBUG - Importing WebPImagePlugin
2025-06-09 12:19:03,821 - DEBUG - Importing WmfImagePlugin
2025-06-09 12:19:03,825 - DEBUG - Importing XbmImagePlugin
2025-06-09 12:19:03,830 - DEBUG - Importing XpmImagePlugin
2025-06-09 12:19:03,834 - DEBUG - Importing XVThumbImagePlugin
2025-06-09 12:19:20,302 - INFO - Cleaning up logging handlers
