2025-06-10 01:31:34,894 - INFO - Application started (F12 clipboard mode with GUI)
2025-06-10 01:31:35,004 - INFO - F12 keyboard hook initialized
2025-06-10 01:31:35,113 - INFO - Always on top set to True
2025-06-10 01:31:35,113 - INFO - Application started. Copy a command, press F12 to process.
2025-06-10 01:31:54,865 - INFO - Application shutdown completed
2025-06-10 01:35:14,994 - INFO - Application started (F12 clipboard mode with GUI)
2025-06-10 01:35:15,114 - INFO - F12 keyboard hook initialized
2025-06-10 01:35:15,252 - INFO - Always on top set to True
2025-06-10 01:35:15,252 - INFO - Application started. Copy a command, press F12 to process.
2025-06-10 01:35:50,554 - INFO - Application shutdown completed
2025-06-10 20:52:36,115 - INFO - Application started (F12 clipboard mode with GUI)
2025-06-10 20:52:36,211 - INFO - F12 keyboard hook initialized
2025-06-10 20:52:36,711 - INFO - Always on top set to True
2025-06-10 20:52:36,711 - INFO - Application started. Copy a command, press F12 to process.
2025-06-10 20:52:43,467 - INFO - Application shutdown completed
2025-06-10 22:22:53,850 - INFO - Application started (F12 clipboard mode with GUI)
2025-06-10 22:22:53,958 - INFO - F12 keyboard hook initialized
2025-06-10 22:22:54,057 - INFO - Always on top set to True
2025-06-10 22:22:54,057 - INFO - Application started. Copy a command, press F12 to process.
2025-06-10 22:23:39,564 - INFO - Application shutdown completed
2025-06-10 22:23:48,113 - INFO - Application started (F12 clipboard mode with GUI)
2025-06-10 22:23:48,201 - INFO - F12 keyboard hook initialized
2025-06-10 22:23:48,292 - INFO - Always on top set to True
2025-06-10 22:23:48,292 - INFO - Application started. Copy a command, press F12 to process.
2025-06-10 22:23:55,371 - INFO - Application shutdown completed
2025-06-11 17:45:03,357 - INFO - Application started (F12 clipboard mode with GUI)
2025-06-11 17:45:03,460 - INFO - F12 keyboard hook initialized
2025-06-11 17:45:04,110 - INFO - Always on top set to True
2025-06-11 17:45:04,110 - INFO - Application started. Copy a command, press F12 to process.
2025-06-11 17:45:19,289 - INFO - Application shutdown completed
2025-06-11 17:45:41,601 - INFO - Application started (F12 clipboard mode with GUI)
2025-06-11 17:45:41,697 - INFO - F12 keyboard hook initialized
2025-06-11 17:45:41,801 - INFO - Always on top set to True
2025-06-11 17:45:41,801 - INFO - Application started. Copy a command, press F12 to process.
2025-06-11 17:45:52,028 - INFO - Application shutdown completed
2025-06-11 17:46:18,922 - INFO - Application started (F12 clipboard mode with GUI)
2025-06-11 17:46:19,028 - INFO - F12 keyboard hook initialized
2025-06-11 17:46:19,133 - INFO - Always on top set to True
2025-06-11 17:46:19,133 - INFO - Application started. Copy a command, press F12 to process.
2025-06-11 17:46:44,800 - INFO - Application shutdown completed
2025-06-11 17:49:04,337 - INFO - Application started (F12 clipboard mode with GUI)
2025-06-11 17:49:04,418 - INFO - F12 keyboard hook initialized
2025-06-11 17:49:04,513 - INFO - Always on top set to True
2025-06-11 17:49:04,514 - INFO - Application started. Copy a command, press F12 to process.
2025-06-11 17:49:17,851 - INFO - Application shutdown completed
2025-06-11 17:53:10,566 - INFO - Application started (F12 clipboard mode with GUI)
2025-06-11 17:53:10,658 - INFO - F12 keyboard hook initialized
2025-06-11 17:53:10,786 - INFO - Always on top set to True
2025-06-11 17:53:10,787 - INFO - Application started. Copy a command, press F12 to process.
2025-06-11 17:53:36,066 - INFO - Application shutdown completed
